<?xml version="1.0" encoding="UTF-8"?>
<!-- Generated by org.testng.reporters.JUnitXMLReporter -->
<testsuite hostname="LAPTOP-DPFBDDPG" ignored="2" name="Default test(failed)" tests="4" failures="2" timestamp="2020-06-11T08:00:40 IDT" time="35.127" errors="0">
  <testcase name="register" time="3.004" classname="tests.TestPageObject"/>
  <testcase name="register" time="2.806" classname="tests.TestPageObject">
    <failure/>
  </testcase> <!-- register -->
  <testcase name="register" time="2.985" classname="tests.TestPageObject"/>
  <testcase name="register" time="3.16" classname="tests.TestPageObject">
    <failure/>
  </testcase> <!-- register -->
  <testcase name="addImageToReportExample" time="0.0" classname="tests.TestPageObject">
    <ignored/>
  </testcase> <!-- addImageToReportExample -->
  <testcase name="searchLocalTime" time="0.0" classname="tests.TestPageObject">
    <ignored/>
  </testcase> <!-- searchLocalTime -->
</testsuite> <!-- Default test(failed) -->
