<?xml version="1.0" encoding="UTF-8"?>
<!-- Generated by org.testng.reporters.JUnitXMLReporter -->
<testsuite hostname="LAPTOP-DPFBDDPG" ignored="2" name="Default test" tests="1" failures="0" timestamp="2020-09-28T12:43:13 IDT" time="8.534" errors="0">
  <testcase name="addImageToReportExample" time="0.407" classname="tests.TestPageObject"/>
  <testcase name="searchLocalTime" time="0.0" classname="tests.TestPageObject">
    <ignored/>
  </testcase> <!-- searchLocalTime -->
  <testcase name="register" time="0.0" classname="tests.TestPageObject">
    <ignored/>
  </testcase> <!-- register -->
</testsuite> <!-- Default test -->
