<?xml version="1.0" encoding="UTF-8"?>
<!-- Generated by org.testng.reporters.JUnitXMLReporter -->
<testsuite hostname="LAPTOP-DPFBDDPG" ignored="2" name="Test Sanity" tests="1" failures="0" timestamp="2020-09-28T13:08:23 IDT" time="9.156" errors="0">
  <testcase name="addImageToReportExample" time="0.407" classname="tests.TestPageObject"/>
  <testcase name="searchLocalTime" time="0.0" classname="tests.TestPageObject">
    <ignored/>
  </testcase> <!-- searchLocalTime -->
  <testcase name="register" time="0.0" classname="tests.TestPageObject">
    <ignored/>
  </testcase> <!-- register -->
</testsuite> <!-- Test Sanity -->
