<?xml version="1.0" encoding="UTF-8"?>
<!-- Generated by org.testng.reporters.JUnitXMLReporter -->
<testsuite hostname="LAPTOP-DPFBDDPG" ignored="2" name="Default test(failed)(failed)(failed)" tests="4" failures="2" timestamp="2020-06-11T08:02:43 IDT" time="26.862" errors="0">
  <testcase name="register" time="3.16" classname="tests.TestPageObject"/>
  <testcase name="register" time="0.625" classname="tests.TestPageObject">
    <failure/>
  </testcase> <!-- register -->
  <testcase name="register" time="2.945" classname="tests.TestPageObject"/>
  <testcase name="register" time="0.571" classname="tests.TestPageObject">
    <failure/>
  </testcase> <!-- register -->
  <testcase name="addImageToReportExample" time="0.0" classname="tests.TestPageObject">
    <ignored/>
  </testcase> <!-- addImageToReportExample -->
  <testcase name="searchLocalTime" time="0.0" classname="tests.TestPageObject">
    <ignored/>
  </testcase> <!-- searchLocalTime -->
</testsuite> <!-- Default test(failed)(failed)(failed) -->
